<?xml version="1.0" encoding="UTF-8"?>
<!-- Generated by org.testng.reporters.JUnitReportReporter -->
<testsuite hostname="srvweblpubt20-Inspiron-3493" failures="0" tests="1" name="TestCases.LoginPageTest" time="5.239" errors="0" timestamp="2022-09-14T12:49:52 IST" skipped="0">
  <testcase classname="TestCases.LoginPageTest" name="verifyLogin" time="5.239"/>
  <system-out/>
</testsuite> <!-- TestCases.LoginPageTest -->
