<?xml version="1.0" encoding="UTF-8"?>
<!-- Generated by org.testng.reporters.JUnitReportReporter -->
<testsuite hostname="srvweblpubt20-Inspiron-3493" failures="0" tests="1" name="Tests.TestCase" time="40.034" errors="0" timestamp="2022-10-11T10:08:09 IST" skipped="0">
  <testcase classname="Tests.TestCase" name="TaskCreationTest" time="40.034"/>
  <system-out/>
</testsuite> <!-- Tests.TestCase -->
