<?xml version="1.0" encoding="UTF-8"?>
<!-- Generated by org.testng.reporters.JUnitReportReporter -->
<testsuite hostname="srvweblpubt20-Inspiron-3493" failures="0" tests="1" name="TestCases.AddAlumniPageTest" time="24.678" errors="0" timestamp="2022-09-14T18:16:28 IST" skipped="0">
  <testcase classname="TestCases.AddAlumniPageTest" name="registerUser" time="24.678"/>
  <system-out/>
</testsuite> <!-- TestCases.AddAlumniPageTest -->
