<?xml version="1.0" encoding="UTF-8"?>
<!-- Generated by org.testng.reporters.JUnitReportReporter -->
<testsuite hostname="srvweblpubt20-Inspiron-3493" failures="0" tests="3" name="Test.TestCase" time="219.534" errors="0" timestamp="2022-09-30T10:15:32 IST" skipped="0">
  <testcase classname="Test.TestCase" name="TestCase2" time="73.089"/>
  <system-out/>
  <testcase classname="Test.TestCase" name="TestCase1" time="73.752"/>
  <system-out/>
  <testcase classname="Test.TestCase" name="TestCase3" time="72.693"/>
  <system-out/>
</testsuite> <!-- Test.TestCase -->
